<?xml version="1.0" encoding="UTF-8"?>
<testng-results ignored="0" total="1" passed="1" failed="0" skipped="0">
  <reporter-output>
    <line>
      <![CDATA[Number of Rows are:::: 11]]>
    </line>
    <line>
      <![CDATA[Login Pass::adminflow.aspx    http://primusbank.qedgetech.com/adminflow.aspx]]>
    </line>
    <line>
      <![CDATA[Login Pass::adminflow.aspx    http://primusbank.qedgetech.com/adminflow.aspx]]>
    </line>
    <line>
      <![CDATA[Login Pass::adminflow.aspx    http://primusbank.qedgetech.com/adminflow.aspx]]>
    </line>
    <line>
      <![CDATA[Login Pass::adminflow.aspx    http://primusbank.qedgetech.com/adminflow.aspx]]>
    </line>
    <line>
      <![CDATA[Login Pass::adminflow.aspx    http://primusbank.qedgetech.com/adminflow.aspx]]>
    </line>
    <line>
      <![CDATA[Login Pass::adminflow.aspx    http://primusbank.qedgetech.com/adminflow.aspx]]>
    </line>
    <line>
      <![CDATA[Login Pass::adminflow.aspx    http://primusbank.qedgetech.com/adminflow.aspx]]>
    </line>
    <line>
      <![CDATA[Login Pass::adminflow.aspx    http://primusbank.qedgetech.com/adminflow.aspx]]>
    </line>
    <line>
      <![CDATA[Login Pass::adminflow.aspx    http://primusbank.qedgetech.com/adminflow.aspx]]>
    </line>
    <line>
      <![CDATA[Login Pass::adminflow.aspx    http://primusbank.qedgetech.com/adminflow.aspx]]>
    </line>
    <line>
      <![CDATA[Login Pass::adminflow.aspx    http://primusbank.qedgetech.com/adminflow.aspx]]>
    </line>
  </reporter-output>
  <suite started-at="2023-12-08T20:59:06 IST" name="Default suite" finished-at="2023-12-08T20:59:26 IST" duration-ms="19322">
    <groups>
    </groups>
    <test started-at="2023-12-08T20:59:06 IST" name="Default test" finished-at="2023-12-08T20:59:26 IST" duration-ms="19322">
      <class name="driverFactory.DriverScript">
        <test-method is-config="true" signature="setup()[pri:0, instance:driverFactory.DriverScript@76494737]" started-at="2023-12-08T20:59:06 IST" name="setup" finished-at="2023-12-08T20:59:11 IST" duration-ms="4922" status="PASS">
          <reporter-output>
          </reporter-output>
        </test-method> <!-- setup -->
        <test-method signature="startTest()[pri:0, instance:driverFactory.DriverScript@76494737]" started-at="2023-12-08T20:59:11 IST" name="startTest" finished-at="2023-12-08T20:59:24 IST" duration-ms="12684" status="PASS">
          <reporter-output>
            <line>
              <![CDATA[Number of Rows are:::: 11]]>
            </line>
            <line>
              <![CDATA[Login Pass::adminflow.aspx    http://primusbank.qedgetech.com/adminflow.aspx]]>
            </line>
            <line>
              <![CDATA[Login Pass::adminflow.aspx    http://primusbank.qedgetech.com/adminflow.aspx]]>
            </line>
            <line>
              <![CDATA[Login Pass::adminflow.aspx    http://primusbank.qedgetech.com/adminflow.aspx]]>
            </line>
            <line>
              <![CDATA[Login Pass::adminflow.aspx    http://primusbank.qedgetech.com/adminflow.aspx]]>
            </line>
            <line>
              <![CDATA[Login Pass::adminflow.aspx    http://primusbank.qedgetech.com/adminflow.aspx]]>
            </line>
            <line>
              <![CDATA[Login Pass::adminflow.aspx    http://primusbank.qedgetech.com/adminflow.aspx]]>
            </line>
            <line>
              <![CDATA[Login Pass::adminflow.aspx    http://primusbank.qedgetech.com/adminflow.aspx]]>
            </line>
            <line>
              <![CDATA[Login Pass::adminflow.aspx    http://primusbank.qedgetech.com/adminflow.aspx]]>
            </line>
            <line>
              <![CDATA[Login Pass::adminflow.aspx    http://primusbank.qedgetech.com/adminflow.aspx]]>
            </line>
            <line>
              <![CDATA[Login Pass::adminflow.aspx    http://primusbank.qedgetech.com/adminflow.aspx]]>
            </line>
            <line>
              <![CDATA[Login Pass::adminflow.aspx    http://primusbank.qedgetech.com/adminflow.aspx]]>
            </line>
          </reporter-output>
        </test-method> <!-- startTest -->
        <test-method is-config="true" signature="tearDown()[pri:0, instance:driverFactory.DriverScript@76494737]" started-at="2023-12-08T20:59:24 IST" name="tearDown" finished-at="2023-12-08T20:59:26 IST" duration-ms="1685" status="PASS">
          <reporter-output>
          </reporter-output>
        </test-method> <!-- tearDown -->
      </class> <!-- driverFactory.DriverScript -->
    </test> <!-- Default test -->
  </suite> <!-- Default suite -->
</testng-results>
